2026-04-20 10:24:48.566 [main] INFO  c.nailong.gengdirection.GengDirectionApplication - Starting GengDirectionApplication using Java 26 with PID 6208 (C:\Users\35389\GengDirection\build\classes\java\main started by 35389 in C:\Users\35389\GengDirection)
2026-04-20 10:24:48.570 [main] INFO  c.nailong.gengdirection.GengDirectionApplication - No active profile set, falling back to 1 default profile: "default"
2026-04-20 10:24:49.530 [main] INFO  org.springframework.boot.tomcat.TomcatWebServer - Tomcat initialized with port 8080 (http)
2026-04-20 10:24:49.541 [main] INFO  org.apache.coyote.http11.Http11NioProtocol - Initializing ProtocolHandler ["http-nio-8080"]
2026-04-20 10:24:49.542 [main] INFO  org.apache.catalina.core.StandardService - Starting service [Tomcat]
2026-04-20 10:24:49.543 [main] INFO  org.apache.catalina.core.StandardEngine - Starting Servlet engine: [Apache Tomcat/11.0.20]
2026-04-20 10:24:49.591 [main] INFO  o.s.b.w.c.servlet.WebApplicationContextInitializer - Root WebApplicationContext: initialization completed in 981 ms
2026-04-20 10:24:50.171 [main] INFO  org.apache.coyote.http11.Http11NioProtocol - Starting ProtocolHandler ["http-nio-8080"]
2026-04-20 10:24:50.187 [main] INFO  org.springframework.boot.tomcat.TomcatWebServer - Tomcat started on port 8080 (http) with context path '/'
2026-04-20 10:24:50.194 [main] INFO  c.nailong.gengdirection.GengDirectionApplication - Started GengDirectionApplication in 2.104 seconds (process running for 2.7)
2026-04-20 10:24:52.248 [http-nio-8080-exec-1] INFO  o.a.c.core.ContainerBase.[Tomcat].[localhost].[/] - Initializing Spring DispatcherServlet 'dispatcherServlet'
2026-04-20 10:24:52.248 [http-nio-8080-exec-1] INFO  org.springframework.web.servlet.DispatcherServlet - Initializing Servlet 'dispatcherServlet'
2026-04-20 10:24:52.250 [http-nio-8080-exec-1] INFO  org.springframework.web.servlet.DispatcherServlet - Completed initialization in 2 ms
2026-04-20 10:24:52.318 [http-nio-8080-exec-1] INFO  com.zaxxer.hikari.HikariDataSource - HikariPool-1 - Starting...
2026-04-20 10:24:52.582 [http-nio-8080-exec-1] INFO  com.zaxxer.hikari.pool.HikariPool - HikariPool-1 - Added connection com.mysql.cj.jdbc.ConnectionImpl@7f495774
2026-04-20 10:24:52.584 [http-nio-8080-exec-1] INFO  com.zaxxer.hikari.HikariDataSource - HikariPool-1 - Start completed.
2026-04-20 10:24:52.960 [http-nio-8080-exec-6] WARN  c.n.gengdirection.exception.GlobalExceptionHandler - Exception(From java.lang):No static resource favicon.ico for request '/favicon.ico'.
2026-04-20 10:26:20.069 [SpringApplicationShutdownHook] INFO  org.springframework.boot.tomcat.GracefulShutdown - Commencing graceful shutdown. Waiting for active requests to complete
2026-04-20 10:26:20.078 [tomcat-shutdown] INFO  org.springframework.boot.tomcat.GracefulShutdown - Graceful shutdown complete
2026-04-20 10:26:20.081 [SpringApplicationShutdownHook] INFO  com.zaxxer.hikari.HikariDataSource - HikariPool-1 - Shutdown initiated...
2026-04-20 10:26:20.086 [SpringApplicationShutdownHook] INFO  com.zaxxer.hikari.HikariDataSource - HikariPool-1 - Shutdown completed.
