2026-04-19 11:18:19.472 [main] INFO  c.nailong.gengdirection.GengDirectionApplication - Starting GengDirectionApplication using Java 26 with PID 51252 (C:\Users\35389\GengDirection\build\classes\java\main started by 35389 in C:\Users\35389\GengDirection)
2026-04-19 11:18:19.475 [main] INFO  c.nailong.gengdirection.GengDirectionApplication - No active profile set, falling back to 1 default profile: "default"
2026-04-19 11:18:20.322 [main] INFO  org.springframework.boot.tomcat.TomcatWebServer - Tomcat initialized with port 8080 (http)
2026-04-19 11:18:20.331 [main] INFO  org.apache.coyote.http11.Http11NioProtocol - Initializing ProtocolHandler ["http-nio-8080"]
2026-04-19 11:18:20.332 [main] INFO  org.apache.catalina.core.StandardService - Starting service [Tomcat]
2026-04-19 11:18:20.333 [main] INFO  org.apache.catalina.core.StandardEngine - Starting Servlet engine: [Apache Tomcat/11.0.20]
2026-04-19 11:18:20.382 [main] INFO  o.s.b.w.c.servlet.WebApplicationContextInitializer - Root WebApplicationContext: initialization completed in 862 ms
2026-04-19 11:18:20.861 [main] INFO  org.apache.coyote.http11.Http11NioProtocol - Starting ProtocolHandler ["http-nio-8080"]
2026-04-19 11:18:20.876 [main] INFO  org.springframework.boot.tomcat.TomcatWebServer - Tomcat started on port 8080 (http) with context path '/'
2026-04-19 11:18:20.879 [main] INFO  c.nailong.gengdirection.GengDirectionApplication - Started GengDirectionApplication in 1.943 seconds (process running for 2.467)
2026-04-19 11:19:00.446 [http-nio-8080-exec-1] INFO  o.a.c.core.ContainerBase.[Tomcat].[localhost].[/] - Initializing Spring DispatcherServlet 'dispatcherServlet'
2026-04-19 11:19:00.446 [http-nio-8080-exec-1] INFO  org.springframework.web.servlet.DispatcherServlet - Initializing Servlet 'dispatcherServlet'
2026-04-19 11:19:00.446 [http-nio-8080-exec-1] INFO  org.springframework.web.servlet.DispatcherServlet - Completed initialization in 0 ms
2026-04-19 11:19:00.488 [http-nio-8080-exec-1] WARN  c.n.gengdirection.exception.GlobalExceptionHandler - Exception(From java.lang):No static resource  for request '/'.
2026-04-19 11:19:00.828 [http-nio-8080-exec-3] WARN  c.n.gengdirection.exception.GlobalExceptionHandler - Exception(From java.lang):No static resource favicon.ico for request '/favicon.ico'.
2026-04-19 11:21:17.331 [http-nio-8080-exec-5] WARN  c.n.gengdirection.exception.GlobalExceptionHandler - Exception(From java.lang):Invalid bound statement (not found): com.nailong.gengdirection.tag.mapper.TagMapper.listAllTags
2026-04-19 11:21:17.433 [http-nio-8080-exec-6] WARN  c.n.gengdirection.exception.GlobalExceptionHandler - Exception(From java.lang):No static resource favicon.ico for request '/favicon.ico'.
2026-04-19 11:21:31.125 [SpringApplicationShutdownHook] INFO  org.springframework.boot.tomcat.GracefulShutdown - Commencing graceful shutdown. Waiting for active requests to complete
2026-04-19 11:21:31.133 [tomcat-shutdown] INFO  org.springframework.boot.tomcat.GracefulShutdown - Graceful shutdown complete
2026-04-19 11:21:33.862 [main] INFO  c.nailong.gengdirection.GengDirectionApplication - Starting GengDirectionApplication using Java 26 with PID 13000 (C:\Users\35389\GengDirection\build\classes\java\main started by 35389 in C:\Users\35389\GengDirection)
2026-04-19 11:21:33.863 [main] INFO  c.nailong.gengdirection.GengDirectionApplication - No active profile set, falling back to 1 default profile: "default"
2026-04-19 11:21:34.585 [main] INFO  org.springframework.boot.tomcat.TomcatWebServer - Tomcat initialized with port 8080 (http)
2026-04-19 11:21:34.603 [main] INFO  org.apache.coyote.http11.Http11NioProtocol - Initializing ProtocolHandler ["http-nio-8080"]
2026-04-19 11:21:34.604 [main] INFO  org.apache.catalina.core.StandardService - Starting service [Tomcat]
2026-04-19 11:21:34.604 [main] INFO  org.apache.catalina.core.StandardEngine - Starting Servlet engine: [Apache Tomcat/11.0.20]
2026-04-19 11:21:34.641 [main] INFO  o.s.b.w.c.servlet.WebApplicationContextInitializer - Root WebApplicationContext: initialization completed in 737 ms
2026-04-19 11:21:35.105 [main] INFO  org.apache.coyote.http11.Http11NioProtocol - Starting ProtocolHandler ["http-nio-8080"]
2026-04-19 11:21:35.120 [main] INFO  org.springframework.boot.tomcat.TomcatWebServer - Tomcat started on port 8080 (http) with context path '/'
2026-04-19 11:21:35.124 [main] INFO  c.nailong.gengdirection.GengDirectionApplication - Started GengDirectionApplication in 1.693 seconds (process running for 2.136)
2026-04-19 11:21:48.870 [http-nio-8080-exec-1] INFO  o.a.c.core.ContainerBase.[Tomcat].[localhost].[/] - Initializing Spring DispatcherServlet 'dispatcherServlet'
2026-04-19 11:21:48.870 [http-nio-8080-exec-1] INFO  org.springframework.web.servlet.DispatcherServlet - Initializing Servlet 'dispatcherServlet'
2026-04-19 11:21:48.879 [http-nio-8080-exec-1] INFO  org.springframework.web.servlet.DispatcherServlet - Completed initialization in 1 ms
2026-04-19 11:21:48.925 [http-nio-8080-exec-1] WARN  c.n.gengdirection.exception.GlobalExceptionHandler - Exception(From java.lang):Invalid bound statement (not found): com.nailong.gengdirection.tag.mapper.TagMapper.listAllTags
2026-04-19 11:21:49.093 [http-nio-8080-exec-5] WARN  c.n.gengdirection.exception.GlobalExceptionHandler - Exception(From java.lang):No static resource favicon.ico for request '/favicon.ico'.
2026-04-19 11:23:32.800 [SpringApplicationShutdownHook] INFO  org.springframework.boot.tomcat.GracefulShutdown - Commencing graceful shutdown. Waiting for active requests to complete
2026-04-19 11:23:32.813 [tomcat-shutdown] INFO  org.springframework.boot.tomcat.GracefulShutdown - Graceful shutdown complete
2026-04-19 11:24:04.661 [main] INFO  c.nailong.gengdirection.GengDirectionApplication - Starting GengDirectionApplication using Java 26 with PID 57928 (C:\Users\35389\GengDirection\build\classes\java\main started by 35389 in C:\Users\35389\GengDirection)
2026-04-19 11:24:04.663 [main] INFO  c.nailong.gengdirection.GengDirectionApplication - No active profile set, falling back to 1 default profile: "default"
2026-04-19 11:24:05.401 [main] INFO  org.springframework.boot.tomcat.TomcatWebServer - Tomcat initialized with port 8080 (http)
2026-04-19 11:24:05.412 [main] INFO  org.apache.coyote.http11.Http11NioProtocol - Initializing ProtocolHandler ["http-nio-8080"]
2026-04-19 11:24:05.413 [main] INFO  org.apache.catalina.core.StandardService - Starting service [Tomcat]
2026-04-19 11:24:05.414 [main] INFO  org.apache.catalina.core.StandardEngine - Starting Servlet engine: [Apache Tomcat/11.0.20]
2026-04-19 11:24:05.455 [main] INFO  o.s.b.w.c.servlet.WebApplicationContextInitializer - Root WebApplicationContext: initialization completed in 756 ms
2026-04-19 11:24:05.960 [main] INFO  org.apache.coyote.http11.Http11NioProtocol - Starting ProtocolHandler ["http-nio-8080"]
2026-04-19 11:24:05.975 [main] INFO  org.springframework.boot.tomcat.TomcatWebServer - Tomcat started on port 8080 (http) with context path '/'
2026-04-19 11:24:05.978 [main] INFO  c.nailong.gengdirection.GengDirectionApplication - Started GengDirectionApplication in 1.75 seconds (process running for 2.202)
2026-04-19 11:24:11.946 [http-nio-8080-exec-1] INFO  o.a.c.core.ContainerBase.[Tomcat].[localhost].[/] - Initializing Spring DispatcherServlet 'dispatcherServlet'
2026-04-19 11:24:11.946 [http-nio-8080-exec-1] INFO  org.springframework.web.servlet.DispatcherServlet - Initializing Servlet 'dispatcherServlet'
2026-04-19 11:24:11.946 [http-nio-8080-exec-1] INFO  org.springframework.web.servlet.DispatcherServlet - Completed initialization in 0 ms
2026-04-19 11:24:12.023 [http-nio-8080-exec-1] INFO  com.zaxxer.hikari.HikariDataSource - HikariPool-1 - Starting...
2026-04-19 11:24:13.210 [http-nio-8080-exec-1] WARN  c.n.gengdirection.exception.GlobalExceptionHandler - Exception(From java.lang):
### Error querying database.  Cause: org.springframework.jdbc.CannotGetJdbcConnectionException: Failed to obtain JDBC Connection
### The error may exist in file [C:\Users\35389\GengDirection\build\resources\main\mapper\tag\TagMapper.xml]
### The error may involve com.nailong.gengdirection.tag.mapper.TagMapper.listAllTags
### The error occurred while executing a query
### Cause: org.springframework.jdbc.CannotGetJdbcConnectionException: Failed to obtain JDBC Connection
2026-04-19 11:24:13.420 [http-nio-8080-exec-4] WARN  c.n.gengdirection.exception.GlobalExceptionHandler - Exception(From java.lang):No static resource favicon.ico for request '/favicon.ico'.
2026-04-19 11:26:37.999 [SpringApplicationShutdownHook] INFO  org.springframework.boot.tomcat.GracefulShutdown - Commencing graceful shutdown. Waiting for active requests to complete
2026-04-19 11:26:38.012 [tomcat-shutdown] INFO  org.springframework.boot.tomcat.GracefulShutdown - Graceful shutdown complete
2026-04-19 11:26:40.549 [main] INFO  c.nailong.gengdirection.GengDirectionApplication - Starting GengDirectionApplication using Java 26 with PID 37152 (C:\Users\35389\GengDirection\build\classes\java\main started by 35389 in C:\Users\35389\GengDirection)
2026-04-19 11:26:40.552 [main] INFO  c.nailong.gengdirection.GengDirectionApplication - No active profile set, falling back to 1 default profile: "default"
2026-04-19 11:26:41.312 [main] INFO  org.springframework.boot.tomcat.TomcatWebServer - Tomcat initialized with port 8080 (http)
2026-04-19 11:26:41.321 [main] INFO  org.apache.coyote.http11.Http11NioProtocol - Initializing ProtocolHandler ["http-nio-8080"]
2026-04-19 11:26:41.322 [main] INFO  org.apache.catalina.core.StandardService - Starting service [Tomcat]
2026-04-19 11:26:41.322 [main] INFO  org.apache.catalina.core.StandardEngine - Starting Servlet engine: [Apache Tomcat/11.0.20]
2026-04-19 11:26:41.360 [main] INFO  o.s.b.w.c.servlet.WebApplicationContextInitializer - Root WebApplicationContext: initialization completed in 770 ms
2026-04-19 11:26:41.862 [main] INFO  org.apache.coyote.http11.Http11NioProtocol - Starting ProtocolHandler ["http-nio-8080"]
2026-04-19 11:26:41.875 [main] INFO  org.springframework.boot.tomcat.TomcatWebServer - Tomcat started on port 8080 (http) with context path '/'
2026-04-19 11:26:41.879 [main] INFO  c.nailong.gengdirection.GengDirectionApplication - Started GengDirectionApplication in 1.755 seconds (process running for 2.18)
2026-04-19 11:26:48.100 [http-nio-8080-exec-2] INFO  o.a.c.core.ContainerBase.[Tomcat].[localhost].[/] - Initializing Spring DispatcherServlet 'dispatcherServlet'
2026-04-19 11:26:48.100 [http-nio-8080-exec-2] INFO  org.springframework.web.servlet.DispatcherServlet - Initializing Servlet 'dispatcherServlet'
2026-04-19 11:26:48.101 [http-nio-8080-exec-2] INFO  org.springframework.web.servlet.DispatcherServlet - Completed initialization in 0 ms
2026-04-19 11:26:48.171 [http-nio-8080-exec-2] INFO  com.zaxxer.hikari.HikariDataSource - HikariPool-1 - Starting...
2026-04-19 11:26:48.371 [http-nio-8080-exec-2] INFO  com.zaxxer.hikari.pool.HikariPool - HikariPool-1 - Added connection com.mysql.cj.jdbc.ConnectionImpl@7de26cff
2026-04-19 11:26:48.371 [http-nio-8080-exec-2] INFO  com.zaxxer.hikari.HikariDataSource - HikariPool-1 - Start completed.
2026-04-19 11:26:48.562 [http-nio-8080-exec-2] WARN  c.n.gengdirection.exception.GlobalExceptionHandler - Exception(From java.lang):
### Error querying database.  Cause: java.sql.SQLSyntaxErrorException: Table 'student_db.tag_info' doesn't exist
### The error may exist in file [C:\Users\35389\GengDirection\build\resources\main\mapper\tag\TagMapper.xml]
### The error may involve defaultParameterMap
### The error occurred while setting parameters
### SQL: SELECT id, tag_name AS tagName FROM tag_info
### Cause: java.sql.SQLSyntaxErrorException: Table 'student_db.tag_info' doesn't exist
; bad SQL grammar []
2026-04-19 11:26:48.753 [http-nio-8080-exec-1] WARN  c.n.gengdirection.exception.GlobalExceptionHandler - Exception(From java.lang):No static resource favicon.ico for request '/favicon.ico'.
2026-04-19 11:27:31.885 [SpringApplicationShutdownHook] INFO  org.springframework.boot.tomcat.GracefulShutdown - Commencing graceful shutdown. Waiting for active requests to complete
2026-04-19 11:27:31.897 [tomcat-shutdown] INFO  org.springframework.boot.tomcat.GracefulShutdown - Graceful shutdown complete
2026-04-19 11:27:31.900 [SpringApplicationShutdownHook] INFO  com.zaxxer.hikari.HikariDataSource - HikariPool-1 - Shutdown initiated...
2026-04-19 11:27:31.906 [SpringApplicationShutdownHook] INFO  com.zaxxer.hikari.HikariDataSource - HikariPool-1 - Shutdown completed.
2026-04-19 11:30:20.988 [main] INFO  c.nailong.gengdirection.GengDirectionApplication - Starting GengDirectionApplication using Java 26 with PID 34808 (C:\Users\35389\GengDirection\build\classes\java\main started by 35389 in C:\Users\35389\GengDirection)
2026-04-19 11:30:20.992 [main] INFO  c.nailong.gengdirection.GengDirectionApplication - No active profile set, falling back to 1 default profile: "default"
2026-04-19 11:30:22.101 [main] INFO  org.springframework.boot.tomcat.TomcatWebServer - Tomcat initialized with port 8080 (http)
2026-04-19 11:30:22.116 [main] INFO  org.apache.coyote.http11.Http11NioProtocol - Initializing ProtocolHandler ["http-nio-8080"]
2026-04-19 11:30:22.118 [main] INFO  org.apache.catalina.core.StandardService - Starting service [Tomcat]
2026-04-19 11:30:22.118 [main] INFO  org.apache.catalina.core.StandardEngine - Starting Servlet engine: [Apache Tomcat/11.0.20]
2026-04-19 11:30:22.179 [main] INFO  o.s.b.w.c.servlet.WebApplicationContextInitializer - Root WebApplicationContext: initialization completed in 1131 ms
2026-04-19 11:30:22.870 [main] INFO  org.apache.coyote.http11.Http11NioProtocol - Starting ProtocolHandler ["http-nio-8080"]
2026-04-19 11:30:22.891 [main] INFO  org.springframework.boot.tomcat.TomcatWebServer - Tomcat started on port 8080 (http) with context path '/'
2026-04-19 11:30:22.896 [main] INFO  c.nailong.gengdirection.GengDirectionApplication - Started GengDirectionApplication in 2.498 seconds (process running for 3.133)
2026-04-19 11:30:26.414 [http-nio-8080-exec-1] INFO  o.a.c.core.ContainerBase.[Tomcat].[localhost].[/] - Initializing Spring DispatcherServlet 'dispatcherServlet'
2026-04-19 11:30:26.414 [http-nio-8080-exec-1] INFO  org.springframework.web.servlet.DispatcherServlet - Initializing Servlet 'dispatcherServlet'
2026-04-19 11:30:26.418 [http-nio-8080-exec-1] INFO  org.springframework.web.servlet.DispatcherServlet - Completed initialization in 4 ms
2026-04-19 11:30:26.503 [http-nio-8080-exec-1] INFO  com.zaxxer.hikari.HikariDataSource - HikariPool-1 - Starting...
2026-04-19 11:30:27.780 [http-nio-8080-exec-1] WARN  c.n.gengdirection.exception.GlobalExceptionHandler - Exception(From java.lang):
### Error querying database.  Cause: org.springframework.jdbc.CannotGetJdbcConnectionException: Failed to obtain JDBC Connection
### The error may exist in file [C:\Users\35389\GengDirection\build\resources\main\mapper\tag\TagMapper.xml]
### The error may involve com.nailong.gengdirection.tag.mapper.TagMapper.listAllTags
### The error occurred while executing a query
### Cause: org.springframework.jdbc.CannotGetJdbcConnectionException: Failed to obtain JDBC Connection
2026-04-19 11:30:28.004 [http-nio-8080-exec-3] WARN  c.n.gengdirection.exception.GlobalExceptionHandler - Exception(From java.lang):No static resource favicon.ico for request '/favicon.ico'.
2026-04-19 11:30:48.078 [SpringApplicationShutdownHook] INFO  org.springframework.boot.tomcat.GracefulShutdown - Commencing graceful shutdown. Waiting for active requests to complete
2026-04-19 11:30:48.108 [tomcat-shutdown] INFO  org.springframework.boot.tomcat.GracefulShutdown - Graceful shutdown complete
2026-04-19 11:31:01.607 [main] INFO  c.nailong.gengdirection.GengDirectionApplication - Starting GengDirectionApplication using Java 26 with PID 60456 (C:\Users\35389\GengDirection\build\classes\java\main started by 35389 in C:\Users\35389\GengDirection)
2026-04-19 11:31:01.611 [main] INFO  c.nailong.gengdirection.GengDirectionApplication - No active profile set, falling back to 1 default profile: "default"
2026-04-19 11:31:02.682 [main] INFO  org.springframework.boot.tomcat.TomcatWebServer - Tomcat initialized with port 8080 (http)
2026-04-19 11:31:02.695 [main] INFO  org.apache.coyote.http11.Http11NioProtocol - Initializing ProtocolHandler ["http-nio-8080"]
2026-04-19 11:31:02.697 [main] INFO  org.apache.catalina.core.StandardService - Starting service [Tomcat]
2026-04-19 11:31:02.697 [main] INFO  org.apache.catalina.core.StandardEngine - Starting Servlet engine: [Apache Tomcat/11.0.20]
2026-04-19 11:31:02.751 [main] INFO  o.s.b.w.c.servlet.WebApplicationContextInitializer - Root WebApplicationContext: initialization completed in 1087 ms
2026-04-19 11:31:03.446 [main] INFO  org.apache.coyote.http11.Http11NioProtocol - Starting ProtocolHandler ["http-nio-8080"]
2026-04-19 11:31:03.467 [main] INFO  org.springframework.boot.tomcat.TomcatWebServer - Tomcat started on port 8080 (http) with context path '/'
2026-04-19 11:31:03.474 [main] INFO  c.nailong.gengdirection.GengDirectionApplication - Started GengDirectionApplication in 2.456 seconds (process running for 3.092)
2026-04-19 11:31:07.243 [http-nio-8080-exec-1] INFO  o.a.c.core.ContainerBase.[Tomcat].[localhost].[/] - Initializing Spring DispatcherServlet 'dispatcherServlet'
2026-04-19 11:31:07.243 [http-nio-8080-exec-1] INFO  org.springframework.web.servlet.DispatcherServlet - Initializing Servlet 'dispatcherServlet'
2026-04-19 11:31:07.247 [http-nio-8080-exec-1] INFO  org.springframework.web.servlet.DispatcherServlet - Completed initialization in 2 ms
2026-04-19 11:31:07.330 [http-nio-8080-exec-1] INFO  com.zaxxer.hikari.HikariDataSource - HikariPool-1 - Starting...
2026-04-19 11:31:07.663 [http-nio-8080-exec-1] INFO  com.zaxxer.hikari.pool.HikariPool - HikariPool-1 - Added connection com.mysql.cj.jdbc.ConnectionImpl@68af28f8
2026-04-19 11:31:07.664 [http-nio-8080-exec-1] INFO  com.zaxxer.hikari.HikariDataSource - HikariPool-1 - Start completed.
2026-04-19 11:31:07.941 [http-nio-8080-exec-2] WARN  c.n.gengdirection.exception.GlobalExceptionHandler - Exception(From java.lang):No static resource favicon.ico for request '/favicon.ico'.
2026-04-19 11:37:40.605 [http-nio-8080-exec-9] WARN  c.n.gengdirection.exception.GlobalExceptionHandler - Exception(From java.lang):No static resource favicon.ico for request '/favicon.ico'.
2026-04-19 11:41:17.670 [SpringApplicationShutdownHook] INFO  org.springframework.boot.tomcat.GracefulShutdown - Commencing graceful shutdown. Waiting for active requests to complete
2026-04-19 11:41:17.692 [tomcat-shutdown] INFO  org.springframework.boot.tomcat.GracefulShutdown - Graceful shutdown complete
2026-04-19 11:41:17.696 [SpringApplicationShutdownHook] INFO  com.zaxxer.hikari.HikariDataSource - HikariPool-1 - Shutdown initiated...
2026-04-19 11:41:17.705 [SpringApplicationShutdownHook] INFO  com.zaxxer.hikari.HikariDataSource - HikariPool-1 - Shutdown completed.
